<?xml version="1.0" encoding="UTF-8"?>
<!-- Generated by org.testng.reporters.JUnitReportReporter -->
<testsuite skipped="0" hostname="DESKTOP-NDC061E" name="com.training.cyclos.tests.ProfileEdit" tests="1" failures="0" timestamp="24 Jan 2019 12:58:47 GMT" time="12.211" errors="0">
  <testcase name="profileEdit" time="12.211" classname="com.training.cyclos.tests.ProfileEdit"/>
</testsuite> <!-- com.training.cyclos.tests.ProfileEdit -->
