<?xml version="1.0" encoding="UTF-8"?>
<!-- Generated by org.testng.reporters.JUnitReportReporter -->
<testsuite skipped="0" hostname="DESKTOP-NDC061E" name="com.training.cyclos.tests.ChangeAdminPassword" tests="1" failures="0" timestamp="25 Jan 2019 11:23:45 GMT" time="10.876" errors="0">
  <testcase name="changeAdminPass" time="10.876" classname="com.training.cyclos.tests.ChangeAdminPassword"/>
</testsuite> <!-- com.training.cyclos.tests.ChangeAdminPassword -->
