<?xml version="1.0" encoding="UTF-8"?>
<!-- Generated by org.testng.reporters.JUnitReportReporter -->
<testsuite skipped="0" hostname="DESKTOP-NDC061E" name="com.training.pom.ChangeAdminPassword" tests="1" failures="0" timestamp="25 Jan 2019 11:17:36 GMT" time="10.320" errors="0">
  <testcase name="changeAdminPass" time="10.320" classname="com.training.pom.ChangeAdminPassword"/>
</testsuite> <!-- com.training.pom.ChangeAdminPassword -->
