<?xml version="1.0" encoding="UTF-8"?>
<!-- Generated by org.testng.reporters.JUnitReportReporter -->
<testsuite skipped="0" hostname="DESKTOP-NDC061E" name="com.training.cyclos.tests.GrantLoan" tests="1" failures="0" timestamp="06 Feb 2019 08:59:03 GMT" time="20.383" errors="0">
  <testcase name="grantloan" time="20.383" classname="com.training.cyclos.tests.GrantLoan"/>
</testsuite> <!-- com.training.cyclos.tests.GrantLoan -->
