<?xml version="1.0" encoding="UTF-8"?>
<!-- Generated by org.testng.reporters.JUnitReportReporter -->
<testsuite skipped="0" hostname="DESKTOP-NDC061E" name="com.training.cyclos.tests.MessageAlert" tests="1" failures="0" timestamp="14 Feb 2019 07:38:24 GMT" time="14.492" errors="0">
  <testcase name="f" time="14.492" classname="com.training.cyclos.tests.MessageAlert"/>
</testsuite> <!-- com.training.cyclos.tests.MessageAlert -->
