<?xml version="1.0" encoding="UTF-8"?>
<!-- Generated by org.testng.reporters.JUnitReportReporter -->
<testsuite skipped="0" hostname="DESKTOP-NDC061E" name="com.training.cyclos.tests.WrongPasswordPage" tests="1" failures="0" timestamp="06 Feb 2019 09:24:13 GMT" time="11.020" errors="0">
  <testcase name="wrongPassword" time="11.020" classname="com.training.cyclos.tests.WrongPasswordPage"/>
</testsuite> <!-- com.training.cyclos.tests.WrongPasswordPage -->
