<?xml version="1.0" encoding="UTF-8"?>
<!-- Generated by org.testng.reporters.JUnitReportReporter -->
<testsuite skipped="0" hostname="DESKTOP-NDC061E" name="com.training.regression.tests.LoginMultipleValuesTest" tests="2" failures="0" timestamp="13 Feb 2019 03:10:45 GMT" time="22.178" errors="0">
  <testcase name="testMethod1" time="13.726" classname="com.training.regression.tests.LoginMultipleValuesTest"/>
  <testcase name="testMethod1" time="8.452" classname="com.training.regression.tests.LoginMultipleValuesTest"/>
</testsuite> <!-- com.training.regression.tests.LoginMultipleValuesTest -->
