<?xml version="1.0" encoding="UTF-8"?>
<!-- Generated by org.testng.reporters.JUnitReportReporter -->
<testsuite skipped="0" hostname="DESKTOP-NDC061E" name="com.training.cyclos.tests.RepaymentLoan" tests="1" failures="0" timestamp="06 Feb 2019 09:13:11 GMT" time="10.243" errors="0">
  <testcase name="loanRepayment" time="10.243" classname="com.training.cyclos.tests.RepaymentLoan"/>
</testsuite> <!-- com.training.cyclos.tests.RepaymentLoan -->
