<?xml version="1.0" encoding="UTF-8"?>
<!-- Generated by org.testng.reporters.JUnitReportReporter -->
<testsuite skipped="0" hostname="DESKTOP-NDC061E" name="com.training.cyclos.tests.Account" tests="1" failures="0" timestamp="05 Feb 2019 02:56:28 GMT" time="13.605" errors="0">
  <testcase name="f" time="13.605" classname="com.training.cyclos.tests.Account"/>
</testsuite> <!-- com.training.cyclos.tests.Account -->
