<?xml version="1.0" encoding="UTF-8"?>
<!-- Generated by org.testng.reporters.JUnitReportReporter -->
<testsuite skipped="0" hostname="DESKTOP-NDC061E" name="com.training.cyclos.tests.ChangePassword" tests="1" failures="0" timestamp="24 Jan 2019 08:26:41 GMT" time="10.875" errors="0">
  <testcase name="changePassword" time="10.875" classname="com.training.cyclos.tests.ChangePassword"/>
</testsuite> <!-- com.training.cyclos.tests.ChangePassword -->
