<?xml version="1.0" encoding="UTF-8"?>
<!-- Generated by org.testng.reporters.JUnitReportReporter -->
<testsuite skipped="0" hostname="DESKTOP-NDC061E" name="com.training.cyclos.tests.WrongPasswordPage" tests="1" failures="0" timestamp="25 Jan 2019 11:21:32 GMT" time="12.407" errors="0">
  <testcase name="wrongPassword" time="12.407" classname="com.training.cyclos.tests.WrongPasswordPage"/>
</testsuite> <!-- com.training.cyclos.tests.WrongPasswordPage -->
