<?xml version="1.0" encoding="UTF-8"?>
<!-- Generated by org.testng.reporters.JUnitReportReporter -->
<testsuite skipped="0" hostname="DESKTOP-NDC061E" name="com.training.cyclos.tests.Logout" tests="1" failures="0" timestamp="24 Jan 2019 11:50:18 GMT" time="10.592" errors="0">
  <testcase name="logoutBtn" time="10.592" classname="com.training.cyclos.tests.Logout"/>
</testsuite> <!-- com.training.cyclos.tests.Logout -->
