<?xml version="1.0" encoding="UTF-8"?>
<!-- Generated by org.testng.reporters.JUnitReportReporter -->
<testsuite skipped="0" hostname="DESKTOP-NDC061E" name="com.training.cyclos.tests.Account" tests="1" failures="0" timestamp="06 Feb 2019 09:18:21 GMT" time="13.626" errors="0">
  <testcase name="f" time="13.626" classname="com.training.cyclos.tests.Account"/>
</testsuite> <!-- com.training.cyclos.tests.Account -->
